<?xml version="1.0" encoding="UTF-8"?>
<!-- Generated by org.testng.reporters.JUnitReportReporter -->
<testsuite hostname="DESKTOP-HV3UBSC" failures="0" tests="2" name="com.qa.test.BaseTest" time="15.184" errors="0" timestamp="28 Mar 2021 08:15:48 GMT" skipped="0">
  <testcase classname="com.qa.test.BaseTest" name="searchGoogle2" time="6.867"/>
  <testcase classname="com.qa.test.BaseTest" name="searchGoogle1" time="8.317"/>
</testsuite> <!-- com.qa.test.BaseTest -->
